TN:
SF:src/commands.ts
FN:14,(anonymous_0)
FN:18,(anonymous_1)
FN:24,(anonymous_2)
FN:64,(anonymous_3)
FN:90,(anonymous_4)
FN:110,(anonymous_5)
FN:112,(anonymous_6)
FN:120,(anonymous_7)
FNF:8
FNH:8
FNDA:1,(anonymous_0)
FNDA:1,(anonymous_1)
FNDA:3,(anonymous_2)
FNDA:2,(anonymous_3)
FNDA:1,(anonymous_4)
FNDA:1,(anonymous_5)
FNDA:4,(anonymous_6)
FNDA:8,(anonymous_7)
DA:1,1
DA:2,1
DA:12,1
DA:15,1
DA:20,1
DA:25,3
DA:26,1
DA:29,2
DA:30,2
DA:32,2
DA:33,1
DA:36,1
DA:38,1
DA:39,1
DA:40,1
DA:44,0
DA:45,0
DA:51,0
DA:52,0
DA:54,0
DA:60,1
DA:65,2
DA:66,0
DA:69,2
DA:70,2
DA:72,2
DA:73,1
DA:76,1
DA:77,1
DA:78,0
DA:80,1
DA:86,1
DA:91,1
DA:92,0
DA:95,1
DA:96,1
DA:97,1
DA:98,1
DA:100,0
DA:106,1
DA:111,1
DA:112,1
DA:113,4
DA:115,1
DA:121,8
DA:122,0
DA:125,8
DA:126,8
DA:128,8
DA:129,1
DA:132,7
DA:133,7
DA:135,0
DA:136,0
DA:141,1
LF:55
LH:43
BRDA:25,0,0,1
BRDA:32,1,0,1
BRDA:32,2,0,2
BRDA:32,2,1,2
BRDA:39,3,0,1
BRDA:65,4,0,0
BRDA:72,5,0,1
BRDA:72,6,0,2
BRDA:72,6,1,2
BRDA:72,6,2,2
BRDA:91,7,0,0
BRDA:121,8,0,0
BRDA:128,9,0,1
BRF:13
BRH:10
end_of_record
TN:
SF:src/config.ts
FNF:0
FNH:0
DA:1,1
DA:2,1
DA:3,1
DA:5,1
DA:6,1
DA:41,1
DA:52,1
DA:59,1
DA:66,1
LF:9
LH:9
BRDA:1,0,0,1
BRDA:1,0,1,1
BRDA:2,1,0,1
BRDA:2,1,1,1
BRDA:5,2,0,1
BRDA:5,2,1,1
BRDA:6,3,0,1
BRDA:6,3,1,1
BRF:8
BRH:8
end_of_record
TN:
SF:src/dex.ts
FN:16,(anonymous_1)
FN:20,(anonymous_2)
FN:25,(anonymous_3)
FN:42,(anonymous_4)
FN:61,(anonymous_5)
FN:79,(anonymous_6)
FN:146,(anonymous_7)
FN:165,(anonymous_8)
FN:188,(anonymous_9)
FN:261,(anonymous_10)
FN:280,(anonymous_11)
FN:317,(anonymous_12)
FNF:12
FNH:6
FNDA:1,(anonymous_1)
FNDA:4,(anonymous_2)
FNDA:2,(anonymous_3)
FNDA:0,(anonymous_4)
FNDA:0,(anonymous_5)
FNDA:1,(anonymous_6)
FNDA:0,(anonymous_7)
FNDA:0,(anonymous_8)
FNDA:0,(anonymous_9)
FNDA:3,(anonymous_10)
FNDA:0,(anonymous_11)
FNDA:1,(anonymous_12)
DA:1,1
DA:2,1
DA:7,1
DA:8,1
DA:17,1
DA:18,1
DA:21,4
DA:22,4
DA:24,4
DA:25,2
DA:28,4
DA:29,4
DA:31,4
DA:32,4
DA:33,4
DA:36,4
DA:39,0
DA:43,0
DA:44,0
DA:47,0
DA:48,0
DA:50,0
DA:54,0
DA:56,0
DA:57,0
DA:62,0
DA:63,0
DA:64,0
DA:66,0
DA:67,0
DA:72,0
DA:74,0
DA:75,0
DA:80,1
DA:81,1
DA:86,1
DA:102,0
DA:103,0
DA:106,0
DA:107,0
DA:111,0
DA:125,0
DA:127,0
DA:128,0
DA:131,0
DA:134,0
DA:138,0
DA:139,0
DA:141,1
DA:142,1
DA:147,0
DA:148,0
DA:151,0
DA:152,0
DA:154,0
DA:158,0
DA:160,0
DA:161,0
DA:169,0
DA:170,0
DA:171,0
DA:175,0
DA:177,0
DA:181,0
DA:183,0
DA:184,0
DA:189,0
DA:191,0
DA:192,0
DA:193,0
DA:196,0
DA:201,0
DA:217,0
DA:218,0
DA:221,0
DA:222,0
DA:226,0
DA:240,0
DA:242,0
DA:243,0
DA:246,0
DA:249,0
DA:253,0
DA:254,0
DA:256,0
DA:257,0
DA:262,3
DA:263,3
DA:266,0
DA:267,0
DA:269,0
DA:273,0
DA:275,3
DA:276,3
DA:285,0
DA:286,0
DA:302,0
DA:303,0
DA:304,0
DA:306,0
DA:312,0
DA:313,0
DA:318,1
DA:319,1
DA:320,0
DA:323,1
DA:324,1
DA:326,1
DA:327,1
DA:330,0
DA:331,0
DA:335,0
DA:337,1
DA:338,1
DA:343,1
LF:115
LH:34
BRDA:24,0,0,2
BRDA:31,1,0,4
BRDA:48,2,0,0
BRDA:48,2,1,0
BRDA:66,3,0,0
BRDA:106,4,0,0
BRDA:106,5,0,0
BRDA:106,5,1,0
BRDA:127,6,0,0
BRDA:152,7,0,0
BRDA:152,7,1,0
BRDA:192,8,0,0
BRDA:221,9,0,0
BRDA:221,10,0,0
BRDA:221,10,1,0
BRDA:242,11,0,0
BRDA:267,12,0,0
BRDA:267,12,1,0
BRDA:319,13,0,0
BRDA:319,14,0,1
BRDA:319,14,1,1
BRDA:326,15,0,1
BRF:22
BRH:5
end_of_record
TN:
SF:src/utils/logger.ts
FN:28,(anonymous_9)
FN:43,(anonymous_10)
FN:72,(anonymous_11)
FN:79,(anonymous_12)
FN:100,(anonymous_13)
FN:124,(anonymous_14)
FN:136,(anonymous_15)
FN:149,(anonymous_16)
FN:159,(anonymous_17)
FN:169,(anonymous_18)
FNF:10
FNH:8
FNDA:1,(anonymous_9)
FNDA:1,(anonymous_10)
FNDA:53,(anonymous_11)
FNDA:1,(anonymous_12)
FNDA:9,(anonymous_13)
FNDA:0,(anonymous_14)
FNDA:1,(anonymous_15)
FNDA:8,(anonymous_16)
FNDA:0,(anonymous_17)
FNDA:1,(anonymous_18)
DA:1,1
DA:2,1
DA:30,1
DA:31,1
DA:32,0
DA:36,1
DA:37,1
DA:40,1
DA:45,1
DA:46,0
DA:56,0
DA:60,1
DA:61,0
DA:68,0
DA:73,53
DA:74,5
DA:76,48
DA:80,1
DA:91,1
DA:94,1
DA:95,1
DA:96,1
DA:101,9
DA:109,9
DA:112,9
DA:117,9
DA:118,9
DA:119,9
DA:125,0
DA:137,1
DA:150,8
DA:160,0
DA:170,1
DA:181,1
LF:34
LH:27
BRDA:31,0,0,0
BRDA:45,1,0,0
BRDA:60,2,0,0
BRDA:73,3,0,5
BRDA:73,4,0,53
BRDA:73,4,1,52
BRDA:73,4,2,52
BRDA:86,5,0,1
BRDA:86,5,1,0
BRDA:87,6,0,1
BRDA:87,6,1,1
BRDA:88,7,0,1
BRDA:88,7,1,1
BRDA:95,8,0,1
BRDA:106,9,0,9
BRDA:106,9,1,0
BRDA:118,10,0,9
BRF:17
BRH:12
end_of_record
