TN:
SF:src/config.ts
FNF:0
FNH:0
DA:1,1
DA:2,1
DA:4,1
DA:5,1
DA:6,1
DA:8,1
DA:9,1
DA:49,1
DA:63,1
DA:72,1
DA:79,1
LF:11
LH:11
BRDA:4,0,0,1
BRDA:4,0,1,0
BRDA:5,1,0,1
BRDA:5,1,1,0
BRDA:8,2,0,1
BRDA:8,2,1,0
BRDA:9,3,0,1
BRDA:9,3,1,0
BRDA:55,4,0,1
BRDA:55,4,1,0
BRDA:56,5,0,1
BRDA:56,5,1,0
BRDA:57,6,0,1
BRDA:57,6,1,0
BRF:14
BRH:7
end_of_record
TN:
SF:src/dex.ts
FN:35,(anonymous_0)
FN:42,(anonymous_1)
FN:51,(anonymous_2)
FN:67,(anonymous_3)
FN:87,(anonymous_4)
FN:107,(anonymous_5)
FN:108,(anonymous_6)
FN:118,(anonymous_7)
FN:176,(anonymous_8)
FN:194,(anonymous_9)
FN:213,(anonymous_10)
FN:230,(anonymous_11)
FN:245,(anonymous_12)
FN:273,(anonymous_13)
FN:296,(anonymous_14)
FN:314,(anonymous_15)
FN:340,(anonymous_16)
FN:361,(anonymous_17)
FNF:18
FNH:8
FNDA:1,(anonymous_0)
FNDA:0,(anonymous_1)
FNDA:0,(anonymous_2)
FNDA:0,(anonymous_3)
FNDA:0,(anonymous_4)
FNDA:0,(anonymous_5)
FNDA:0,(anonymous_6)
FNDA:1,(anonymous_7)
FNDA:0,(anonymous_8)
FNDA:1,(anonymous_9)
FNDA:1,(anonymous_10)
FNDA:1,(anonymous_11)
FNDA:0,(anonymous_12)
FNDA:0,(anonymous_13)
FNDA:0,(anonymous_14)
FNDA:1,(anonymous_15)
FNDA:2,(anonymous_16)
FNDA:2,(anonymous_17)
DA:1,1
DA:6,1
DA:7,1
DA:8,1
DA:18,1
DA:30,1
DA:36,1
DA:43,0
DA:44,0
DA:45,0
DA:52,0
DA:53,0
DA:54,0
DA:57,0
DA:59,0
DA:60,0
DA:68,0
DA:69,0
DA:72,0
DA:73,0
DA:74,0
DA:75,0
DA:77,0
DA:81,0
DA:88,0
DA:90,0
DA:91,0
DA:97,0
DA:101,0
DA:108,0
DA:119,1
DA:120,1
DA:125,1
DA:126,1
DA:130,0
DA:131,0
DA:133,0
DA:134,0
DA:135,0
DA:136,0
DA:140,0
DA:143,0
DA:146,0
DA:149,0
DA:156,0
DA:157,0
DA:160,0
DA:161,0
DA:163,0
DA:166,0
DA:167,0
DA:168,0
DA:169,0
DA:170,0
DA:171,0
DA:172,0
DA:174,0
DA:175,0
DA:176,0
DA:177,0
DA:179,0
DA:183,0
DA:185,1
DA:186,1
DA:187,1
DA:195,1
DA:197,1
DA:199,1
DA:203,1
DA:205,1
DA:206,1
DA:214,1
DA:217,1
DA:220,1
DA:222,0
DA:223,0
DA:231,1
DA:234,1
DA:235,1
DA:237,0
DA:238,0
DA:246,0
DA:247,0
DA:252,0
DA:253,0
DA:255,0
DA:256,0
DA:257,0
DA:258,0
DA:263,0
DA:265,0
DA:266,0
DA:274,0
DA:275,0
DA:280,0
DA:281,0
DA:282,0
DA:286,0
DA:288,0
DA:289,0
DA:297,0
DA:298,0
DA:299,0
DA:300,0
DA:301,0
DA:302,0
DA:303,0
DA:304,0
DA:306,0
DA:307,0
DA:319,1
DA:322,1
DA:323,1
DA:324,1
DA:326,1
DA:332,0
DA:333,0
DA:341,2
DA:344,2
DA:345,2
DA:347,2
DA:351,2
DA:353,0
DA:354,0
DA:362,2
DA:363,2
DA:364,2
DA:367,0
DA:368,0
DA:370,0
DA:371,0
DA:374,0
DA:378,0
DA:380,2
DA:381,2
DA:386,1
LF:136
LH:42
BRDA:59,0,0,0
BRDA:59,0,1,0
BRDA:68,1,0,0
BRDA:107,2,0,0
BRDA:110,3,0,0
BRDA:110,3,1,0
BRDA:125,4,0,1
BRDA:133,5,0,0
BRDA:174,6,0,0
BRDA:174,7,0,0
BRDA:174,7,1,0
BRDA:197,8,0,1
BRDA:197,8,1,0
BRDA:255,9,0,0
BRDA:281,10,0,0
BRDA:306,11,0,0
BRDA:306,11,1,0
BRDA:363,12,0,2
BRDA:363,13,0,2
BRDA:363,13,1,1
BRDA:370,14,0,0
BRF:21
BRH:5
end_of_record
